<?xml version="1.0" encoding="UTF-8"?>
<testsuite xmlns:xsi="http://www.w3.org/2001/XMLSchema-instance" xsi:noNamespaceSchemaLocation="https://maven.apache.org/surefire/maven-surefire-plugin/xsd/surefire-test-report-3.0.xsd" version="3.0" name="com.car.Car.CarApplicationTests" time="6.172" tests="1" errors="0" skipped="0" failures="0">
  <properties>
[...]
</properties>
  <testcase name="contextLoads" classname="com.car.Car.CarApplicationTests" time="0.361">
    <system-out><![CDATA[22:07:47.802 [main] INFO org.springframework.test.context.support.AnnotationConfigContextLoaderUtils -- Could not detect default configuration classes for test class [com.car.Car.CarApplicationTests]: CarApplicationTests does not declare any static, non-private, non-final, nested classes annotated with @Configuration.
22:07:47.901 [main] INFO org.springframework.boot.test.context.SpringBootTestContextBootstrapper -- Found @SpringBootConfiguration com.car.Car.CarApplication for test class com.car.Car.CarApplicationTests
22:07:48.096 [main] INFO org.springframework.boot.devtools.restart.RestartApplicationListener -- Restart disabled due to context in which it is running

  .   ____          _            __ _ _
 /\\ / ___'_ __ _ _(_)_ __  __ _ \ \ \ \
( ( )\___ | '_ | '_| | '_ \/ _` | \ \ \ \
 \\/  ___)| |_)| | | | | || (_| |  ) ) ) )
  '  |____| .__|_| |_|_| |_\__, | / / / /
 =========|_|==============|___/=/_/_/_/
 :: Spring Boot ::                (v3.2.1)

2023-12-23T22:07:48.488+01:00  INFO 28956 --- [SERVICE-CAR] [           main] com.car.Car.CarApplicationTests          : Starting CarApplicationTests using Java 17.0.9 with PID 28956 (started by anasn in C:\Users\anasn\Desktop\controlemicroserviceanas\Car)
2023-12-23T22:07:48.489+01:00  INFO 28956 --- [SERVICE-CAR] [           main] com.car.Car.CarApplicationTests          : No active profile set, falling back to 1 default profile: "default"
2023-12-23T22:07:49.174+01:00  INFO 28956 --- [SERVICE-CAR] [           main] .s.d.r.c.RepositoryConfigurationDelegate : Bootstrapping Spring Data JPA repositories in DEFAULT mode.
2023-12-23T22:07:49.293+01:00  INFO 28956 --- [SERVICE-CAR] [           main] .s.d.r.c.RepositoryConfigurationDelegate : Finished Spring Data repository scanning in 111 ms. Found 1 JPA repository interface.
2023-12-23T22:07:49.558+01:00  INFO 28956 --- [SERVICE-CAR] [           main] o.s.cloud.context.scope.GenericScope     : BeanFactory id=b99dd7df-ee5a-3e09-8b87-8916ff8fc798
2023-12-23T22:07:49.700+01:00  WARN 28956 --- [SERVICE-CAR] [           main] trationDelegate$BeanPostProcessorChecker : Bean 'org.springframework.cloud.client.loadbalancer.LoadBalancerAutoConfiguration$LoadBalancerInterceptorConfig' of type [org.springframework.cloud.client.loadbalancer.LoadBalancerAutoConfiguration$LoadBalancerInterceptorConfig] is not eligible for getting processed by all BeanPostProcessors (for example: not eligible for auto-proxying). The currently created BeanPostProcessor [lbRestClientPostProcessor] is declared through a non-static factory method on that class; consider declaring it as static instead.
2023-12-23T22:07:49.702+01:00  WARN 28956 --- [SERVICE-CAR] [           main] trationDelegate$BeanPostProcessorChecker : Bean 'org.springframework.cloud.loadbalancer.config.BlockingLoadBalancerClientAutoConfiguration' of type [org.springframework.cloud.loadbalancer.config.BlockingLoadBalancerClientAutoConfiguration] is not eligible for getting processed by all BeanPostProcessors (for example: not eligible for auto-proxying). Is this bean getting eagerly injected into a currently created BeanPostProcessor [lbRestClientPostProcessor]? Check the corresponding BeanPostProcessor declaration and its dependencies.
2023-12-23T22:07:49.703+01:00  WARN 28956 --- [SERVICE-CAR] [           main] trationDelegate$BeanPostProcessorChecker : Bean 'org.springframework.cloud.loadbalancer.config.LoadBalancerAutoConfiguration' of type [org.springframework.cloud.loadbalancer.config.LoadBalancerAutoConfiguration] is not eligible for getting processed by all BeanPostProcessors (for example: not eligible for auto-proxying). Is this bean getting eagerly injected into a currently created BeanPostProcessor [lbRestClientPostProcessor]? Check the corresponding BeanPostProcessor declaration and its dependencies.
2023-12-23T22:07:49.714+01:00  WARN 28956 --- [SERVICE-CAR] [           main] trationDelegate$BeanPostProcessorChecker : Bean 'org.springframework.cloud.commons.config.CommonsConfigAutoConfiguration' of type [org.springframework.cloud.commons.config.CommonsConfigAutoConfiguration] is not eligible for getting processed by all BeanPostProcessors (for example: not eligible for auto-proxying). Is this bean getting eagerly injected into a currently created BeanPostProcessor [lbRestClientPostProcessor]? Check the corresponding BeanPostProcessor declaration and its dependencies.
2023-12-23T22:07:49.716+01:00  WARN 28956 --- [SERVICE-CAR] [           main] trationDelegate$BeanPostProcessorChecker : Bean 'org.springframework.cloud.client.loadbalancer.LoadBalancerDefaultMappingsProviderAutoConfiguration' of type [org.springframework.cloud.client.loadbalancer.LoadBalancerDefaultMappingsProviderAutoConfiguration] is not eligible for getting processed by all BeanPostProcessors (for example: not eligible for auto-proxying). Is this bean getting eagerly injected into a currently created BeanPostProcessor [lbRestClientPostProcessor]? Check the corresponding BeanPostProcessor declaration and its dependencies.
2023-12-23T22:07:49.717+01:00  WARN 28956 --- [SERVICE-CAR] [           main] trationDelegate$BeanPostProcessorChecker : Bean 'loadBalancerClientsDefaultsMappingsProvider' of type [org.springframework.cloud.client.loadbalancer.LoadBalancerDefaultMappingsProviderAutoConfiguration$$Lambda$952/0x00000292c3430000] is not eligible for getting processed by all BeanPostProcessors (for example: not eligible for auto-proxying). Is this bean getting eagerly injected into a currently created BeanPostProcessor [lbRestClientPostProcessor]? Check the corresponding BeanPostProcessor declaration and its dependencies.
2023-12-23T22:07:49.719+01:00  WARN 28956 --- [SERVICE-CAR] [           main] trationDelegate$BeanPostProcessorChecker : Bean 'defaultsBindHandlerAdvisor' of type [org.springframework.cloud.commons.config.DefaultsBindHandlerAdvisor] is not eligible for getting processed by all BeanPostProcessors (for example: not eligible for auto-proxying). Is this bean getting eagerly injected into a currently created BeanPostProcessor [lbRestClientPostProcessor]? Check the corresponding BeanPostProcessor declaration and its dependencies.
2023-12-23T22:07:49.728+01:00  WARN 28956 --- [SERVICE-CAR] [           main] trationDelegate$BeanPostProcessorChecker : Bean 'spring.cloud.loadbalancer-org.springframework.cloud.client.loadbalancer.LoadBalancerClientsProperties' of type [org.springframework.cloud.client.loadbalancer.LoadBalancerClientsProperties] is not eligible for getting processed by all BeanPostProcessors (for example: not eligible for auto-proxying). Is this bean getting eagerly injected into a currently created BeanPostProcessor [lbRestClientPostProcessor]? Check the corresponding BeanPostProcessor declaration and its dependencies.
2023-12-23T22:07:49.735+01:00  WARN 28956 --- [SERVICE-CAR] [           main] trationDelegate$BeanPostProcessorChecker : Bean 'default.org.springframework.cloud.loadbalancer.config.LoadBalancerAutoConfiguration.LoadBalancerClientSpecification' of type [org.springframework.cloud.loadbalancer.annotation.LoadBalancerClientSpecification] is not eligible for getting processed by all BeanPostProcessors (for example: not eligible for auto-proxying). Is this bean getting eagerly injected into a currently created BeanPostProcessor [lbRestClientPostProcessor]? Check the corresponding BeanPostProcessor declaration and its dependencies.
2023-12-23T22:07:49.736+01:00  WARN 28956 --- [SERVICE-CAR] [           main] trationDelegate$BeanPostProcessorChecker : Bean 'default.org.springframework.cloud.loadbalancer.config.BlockingLoadBalancerClientAutoConfiguration.LoadBalancerClientSpecification' of type [org.springframework.cloud.loadbalancer.annotation.LoadBalancerClientSpecification] is not eligible for getting processed by all BeanPostProcessors (for example: not eligible for auto-proxying). Is this bean getting eagerly injected into a currently created BeanPostProcessor [lbRestClientPostProcessor]? Check the corresponding BeanPostProcessor declaration and its dependencies.
2023-12-23T22:07:49.737+01:00  WARN 28956 --- [SERVICE-CAR] [           main] trationDelegate$BeanPostProcessorChecker : Bean 'default.org.springframework.cloud.netflix.eureka.loadbalancer.LoadBalancerEurekaAutoConfiguration.LoadBalancerClientSpecification' of type [org.springframework.cloud.loadbalancer.annotation.LoadBalancerClientSpecification] is not eligible for getting processed by all BeanPostProcessors (for example: not eligible for auto-proxying). Is this bean getting eagerly injected into a currently created BeanPostProcessor [lbRestClientPostProcessor]? Check the corresponding BeanPostProcessor declaration and its dependencies.
2023-12-23T22:07:49.739+01:00  WARN 28956 --- [SERVICE-CAR] [           main] trationDelegate$BeanPostProcessorChecker : Bean 'loadBalancerClientFactory' of type [org.springframework.cloud.loadbalancer.support.LoadBalancerClientFactory] is not eligible for getting processed by all BeanPostProcessors (for example: not eligible for auto-proxying). Is this bean getting eagerly injected into a currently created BeanPostProcessor [lbRestClientPostProcessor]? Check the corresponding BeanPostProcessor declaration and its dependencies.
2023-12-23T22:07:49.746+01:00  WARN 28956 --- [SERVICE-CAR] [           main] trationDelegate$BeanPostProcessorChecker : Bean 'blockingLoadBalancerClient' of type [org.springframework.cloud.loadbalancer.blocking.client.BlockingLoadBalancerClient] is not eligible for getting processed by all BeanPostProcessors (for example: not eligible for auto-proxying). Is this bean getting eagerly injected into a currently created BeanPostProcessor [lbRestClientPostProcessor]? Check the corresponding BeanPostProcessor declaration and its dependencies.
2023-12-23T22:07:49.753+01:00  WARN 28956 --- [SERVICE-CAR] [           main] trationDelegate$BeanPostProcessorChecker : Bean 'loadBalancerServiceInstanceCookieTransformer' of type [org.springframework.cloud.loadbalancer.core.LoadBalancerServiceInstanceCookieTransformer] is not eligible for getting processed by all BeanPostProcessors (for example: not eligible for auto-proxying). Is this bean getting eagerly injected into a currently created BeanPostProcessor [lbRestClientPostProcessor]? Check the corresponding BeanPostProcessor declaration and its dependencies.
2023-12-23T22:07:49.755+01:00  WARN 28956 --- [SERVICE-CAR] [           main] trationDelegate$BeanPostProcessorChecker : Bean 'xForwarderHeadersTransformer' of type [org.springframework.cloud.loadbalancer.blocking.XForwardedHeadersTransformer] is not eligible for getting processed by all BeanPostProcessors (for example: not eligible for auto-proxying). Is this bean getting eagerly injected into a currently created BeanPostProcessor [lbRestClientPostProcessor]? Check the corresponding BeanPostProcessor declaration and its dependencies.
2023-12-23T22:07:49.756+01:00  WARN 28956 --- [SERVICE-CAR] [           main] trationDelegate$BeanPostProcessorChecker : Bean 'org.springframework.cloud.client.loadbalancer.LoadBalancerAutoConfiguration' of type [org.springframework.cloud.client.loadbalancer.LoadBalancerAutoConfiguration] is not eligible for getting processed by all BeanPostProcessors (for example: not eligible for auto-proxying). Is this bean getting eagerly injected into a currently created BeanPostProcessor [lbRestClientPostProcessor]? Check the corresponding BeanPostProcessor declaration and its dependencies.
2023-12-23T22:07:49.757+01:00  WARN 28956 --- [SERVICE-CAR] [           main] trationDelegate$BeanPostProcessorChecker : Bean 'loadBalancerRequestFactory' of type [org.springframework.cloud.client.loadbalancer.LoadBalancerRequestFactory] is not eligible for getting processed by all BeanPostProcessors (for example: not eligible for auto-proxying). Is this bean getting eagerly injected into a currently created BeanPostProcessor [lbRestClientPostProcessor]? Check the corresponding BeanPostProcessor declaration and its dependencies.
2023-12-23T22:07:49.758+01:00  WARN 28956 --- [SERVICE-CAR] [           main] trationDelegate$BeanPostProcessorChecker : Bean 'loadBalancerInterceptor' of type [org.springframework.cloud.client.loadbalancer.LoadBalancerInterceptor] is not eligible for getting processed by all BeanPostProcessors (for example: not eligible for auto-proxying). Is this bean getting eagerly injected into a currently created BeanPostProcessor [lbRestClientPostProcessor]? Check the corresponding BeanPostProcessor declaration and its dependencies.
2023-12-23T22:07:49.967+01:00  INFO 28956 --- [SERVICE-CAR] [           main] o.hibernate.jpa.internal.util.LogHelper  : HHH000204: Processing PersistenceUnitInfo [name: default]
2023-12-23T22:07:50.055+01:00  INFO 28956 --- [SERVICE-CAR] [           main] org.hibernate.Version                    : HHH000412: Hibernate ORM core version 6.4.1.Final
2023-12-23T22:07:50.102+01:00  INFO 28956 --- [SERVICE-CAR] [           main] o.h.c.internal.RegionFactoryInitiator    : HHH000026: Second-level cache disabled
2023-12-23T22:07:50.383+01:00  INFO 28956 --- [SERVICE-CAR] [           main] o.s.o.j.p.SpringPersistenceUnitInfo      : No LoadTimeWeaver setup: ignoring JPA class transformer
2023-12-23T22:07:50.413+01:00  INFO 28956 --- [SERVICE-CAR] [           main] com.zaxxer.hikari.HikariDataSource       : HikariPool-1 - Starting...
2023-12-23T22:07:50.544+01:00  INFO 28956 --- [SERVICE-CAR] [           main] com.zaxxer.hikari.pool.HikariPool        : HikariPool-1 - Added connection com.mysql.cj.jdbc.ConnectionImpl@1acc873b
2023-12-23T22:07:50.545+01:00  INFO 28956 --- [SERVICE-CAR] [           main] com.zaxxer.hikari.HikariDataSource       : HikariPool-1 - Start completed.
2023-12-23T22:07:50.579+01:00  WARN 28956 --- [SERVICE-CAR] [           main] org.hibernate.dialect.Dialect            : HHH000511: The 5.5.0 version for [org.hibernate.dialect.MySQLDialect] is no longer supported, hence certain features may not work properly. The minimum supported version is 8.0.0. Check the community dialects project for available legacy versions.
2023-12-23T22:07:51.128+01:00  INFO 28956 --- [SERVICE-CAR] [           main] o.h.e.t.j.p.i.JtaPlatformInitiator       : HHH000489: No JTA platform available (set 'hibernate.transaction.jta.platform' to enable JTA platform integration)
2023-12-23T22:07:51.179+01:00  INFO 28956 --- [SERVICE-CAR] [           main] j.LocalContainerEntityManagerFactoryBean : Initialized JPA EntityManagerFactory for persistence unit 'default'
2023-12-23T22:07:51.864+01:00  WARN 28956 --- [SERVICE-CAR] [           main] JpaBaseConfiguration$JpaWebConfiguration : spring.jpa.open-in-view is enabled by default. Therefore, database queries may be performed during view rendering. Explicitly configure spring.jpa.open-in-view to disable this warning
2023-12-23T22:07:52.794+01:00  INFO 28956 --- [SERVICE-CAR] [           main] DiscoveryClientOptionalArgsConfiguration : Eureka HTTP Client uses RestTemplate.
2023-12-23T22:07:52.938+01:00  WARN 28956 --- [SERVICE-CAR] [           main] iguration$LoadBalancerCaffeineWarnLogger : Spring Cloud LoadBalancer is currently working with the default cache. While this cache implementation is useful for development and tests, it's recommended to use Caffeine cache in production.You can switch to using Caffeine cache, by adding it and org.springframework.cache.caffeine.CaffeineCacheManager to the classpath.
2023-12-23T22:07:52.955+01:00  INFO 28956 --- [SERVICE-CAR] [           main] o.s.c.n.eureka.InstanceInfoFactory       : Setting initial instance status as: STARTING
2023-12-23T22:07:53.026+01:00  INFO 28956 --- [SERVICE-CAR] [           main] com.netflix.discovery.DiscoveryClient    : Initializing Eureka in region us-east-1
2023-12-23T22:07:53.035+01:00  INFO 28956 --- [SERVICE-CAR] [           main] c.n.d.s.r.aws.ConfigClusterResolver      : Resolving eureka endpoints via configuration
2023-12-23T22:07:53.054+01:00  INFO 28956 --- [SERVICE-CAR] [           main] com.netflix.discovery.DiscoveryClient    : Disable delta property : false
2023-12-23T22:07:53.054+01:00  INFO 28956 --- [SERVICE-CAR] [           main] com.netflix.discovery.DiscoveryClient    : Single vip registry refresh property : null
2023-12-23T22:07:53.055+01:00  INFO 28956 --- [SERVICE-CAR] [           main] com.netflix.discovery.DiscoveryClient    : Force full registry fetch : false
2023-12-23T22:07:53.055+01:00  INFO 28956 --- [SERVICE-CAR] [           main] com.netflix.discovery.DiscoveryClient    : Application is null : false
2023-12-23T22:07:53.055+01:00  INFO 28956 --- [SERVICE-CAR] [           main] com.netflix.discovery.DiscoveryClient    : Registered Applications size is zero : true
2023-12-23T22:07:53.055+01:00  INFO 28956 --- [SERVICE-CAR] [           main] com.netflix.discovery.DiscoveryClient    : Application version is -1: true
2023-12-23T22:07:53.055+01:00  INFO 28956 --- [SERVICE-CAR] [           main] com.netflix.discovery.DiscoveryClient    : Getting all instance registry info from the eureka server
2023-12-23T22:07:53.308+01:00  INFO 28956 --- [SERVICE-CAR] [           main] com.netflix.discovery.DiscoveryClient    : The response status is 200
2023-12-23T22:07:53.311+01:00  INFO 28956 --- [SERVICE-CAR] [           main] com.netflix.discovery.DiscoveryClient    : Starting heartbeat executor: renew interval is: 30
2023-12-23T22:07:53.314+01:00  INFO 28956 --- [SERVICE-CAR] [           main] c.n.discovery.InstanceInfoReplicator     : InstanceInfoReplicator onDemand update allowed rate per min is 4
2023-12-23T22:07:53.317+01:00  INFO 28956 --- [SERVICE-CAR] [           main] com.netflix.discovery.DiscoveryClient    : Discovery Client initialized at timestamp 1703365673317 with initial instances count: 1
2023-12-23T22:07:53.320+01:00  INFO 28956 --- [SERVICE-CAR] [           main] o.s.c.n.e.s.EurekaServiceRegistry        : Registering application SERVICE-CAR with eureka with status UP
2023-12-23T22:07:53.320+01:00  INFO 28956 --- [SERVICE-CAR] [           main] com.netflix.discovery.DiscoveryClient    : Saw local status change event StatusChangeEvent [timestamp=1703365673320, current=UP, previous=STARTING]
2023-12-23T22:07:53.322+01:00  INFO 28956 --- [SERVICE-CAR] [nfoReplicator-0] com.netflix.discovery.DiscoveryClient    : DiscoveryClient_SERVICE-CAR/AnasError:SERVICE-CAR:8082: registering service...
2023-12-23T22:07:53.336+01:00  INFO 28956 --- [SERVICE-CAR] [           main] com.car.Car.CarApplicationTests          : Started CarApplicationTests in 5.257 seconds (process running for 6.264)
2023-12-23T22:07:53.382+01:00  INFO 28956 --- [SERVICE-CAR] [nfoReplicator-0] com.netflix.discovery.DiscoveryClient    : DiscoveryClient_SERVICE-CAR/AnasError:SERVICE-CAR:8082 - registration status: 204
Hibernate: select c1_0.id,c1_0.brand,c1_0.client_id,c1_0.matricule,c1_0.model from car c1_0 where c1_0.id=?
Hibernate: select c1_0.id,c1_0.brand,c1_0.client_id,c1_0.matricule,c1_0.model from car c1_0 where c1_0.id=?
Hibernate: select c1_0.id,c1_0.brand,c1_0.client_id,c1_0.matricule,c1_0.model from car c1_0 where c1_0.id=?
]]></system-out>
  </testcase>
</testsuite>